Flutter crash report; please file at https://github.com/flutter/flutter/issues.

## command

flutter run --machine --target lib/main.dart -d 385AB8EF-2D9D-4757-A7C3-9DC7573118B5 --track-widget-creation --start-paused

## exception

SocketException: SocketException: Write failed (OS Error: Broken pipe, errno = 32), port = 0

```
null```

## flutter doctor

```
[✓] Flutter (Channel stable, v1.7.8+hotfix.4, on Mac OS X 10.14.6 18G87, locale zh-Hans-CN)
    • Flutter version 1.7.8+hotfix.4 at /Users/zry/flutter
    • Framework revision 20e59316b8 (6 weeks ago), 2019-07-18 20:04:33 -0700
    • Engine revision fee001c93f
    • Dart version 2.4.0

[✗] Android toolchain - develop for Android devices
    ✗ Unable to locate Android SDK.
      Install Android Studio from: https://developer.android.com/studio/index.html
      On first launch it will assist you in installing the Android SDK components.
      (or visit https://flutter.dev/setup/#android-setup for detailed instructions).
      If the Android SDK has been installed to a custom location, set ANDROID_HOME to that location.
      You may also want to add it to your PATH environment variable.


[✓] Xcode - develop for iOS and macOS (Xcode 10.3)
    • Xcode at /Applications/Xcode.app/Contents/Developer
    • Xcode 10.3, Build version 10G8
    • CocoaPods version 1.7.5

[!] iOS tools - develop for iOS devices
    ✗ libimobiledevice and ideviceinstaller are not installed. To install with Brew, run:
        brew update
        brew install --HEAD usbmuxd
        brew link usbmuxd
        brew install --HEAD libimobiledevice
        brew install ideviceinstaller
    • ios-deploy 1.9.2
    ✗ ios-deploy out of date (1.9.4 is required). To upgrade with Brew:
        brew upgrade ios-deploy

[!] Android Studio (not installed)
    • Android Studio not found; download from https://developer.android.com/studio/index.html
      (or visit https://flutter.dev/setup/#android-setup for detailed instructions).

[✓] VS Code (version 1.37.1)
    • VS Code at /Applications/Visual Studio Code.app/Contents
    • Flutter extension version 3.3.0

[✓] Connected device (1 available)
    • iPhone Xʀ • 385AB8EF-2D9D-4757-A7C3-9DC7573118B5 • ios • com.apple.CoreSimulator.SimRuntime.iOS-12-4 (simulator)

! Doctor found issues in 3 categories.
```
